Build started 27/04/2017 19:28:41.
     1>Project "D:\GraphicsProgramming\GraphicsProgramming\GraphicsProgramming\Lab1\Lab1\Lab1.vcxproj" on node 2 (Build target(s)).
     1>ClCompile:
         D:\Programs\Games Development\VisualStudio2013\VC\bin\CL.exe /c /ZI /nologo /W3 /WX- /sdl /Od /Oy- /D _MBCS /Gm /EHsc /RTC1 /MDd /GS /fp:precise /Zc:wchar_t /Zc:forScope /Fo"Debug\\" /Fd"Debug\vc120.pdb" /Gd /TP /analyze- /errorReport:prompt Mesh.cpp Shader.cpp
         Shader.cpp
     1>d:\graphicsprogramming\graphicsprogramming\graphicsprogramming\lab1\lab1\shader.cpp(91): error C2198: 'PFNGLDETACHSHADERPROC' : too few arguments for call
         Mesh.cpp
     1>d:\graphicsprogramming\graphicsprogramming\graphicsprogramming\lab1\lab1\mesh.cpp(30): error C2146: syntax error : missing ';' before identifier 'verts'
     1>d:\graphicsprogramming\graphicsprogramming\graphicsprogramming\lab1\lab1\mesh.cpp(30): error C4430: missing type specifier - int assumed. Note: C++ does not support default-int
     1>d:\graphicsprogramming\graphicsprogramming\graphicsprogramming\lab1\lab1\mesh.cpp(30): error C2065: 'some' : undeclared identifier
     1>d:\graphicsprogramming\graphicsprogramming\graphicsprogramming\lab1\lab1\mesh.cpp(30): error C2146: syntax error : missing ')' before identifier 'vector'
     1>d:\graphicsprogramming\graphicsprogramming\graphicsprogramming\lab1\lab1\mesh.cpp(30): error C2143: syntax error : missing ';' before '}'
     1>d:\graphicsprogramming\graphicsprogramming\graphicsprogramming\lab1\lab1\mesh.cpp(30): error C2059: syntax error : '}'
         Generating Code...
     1>Done Building Project "D:\GraphicsProgramming\GraphicsProgramming\GraphicsProgramming\Lab1\Lab1\Lab1.vcxproj" (Build target(s)) -- FAILED.

Build FAILED.

Time Elapsed 00:00:00.97
